<?xml version="1.0" encoding="UTF-8"?>
<testsuite name="com.pointwest.googletoken.validator.GoogleTokenValidatorApplicationTests" time="0.007" tests="1" errors="1" skipped="0" failures="0">
  <properties>
[...]
</properties>
  <testcase name="initializationError" classname="com.pointwest.googletoken.validator.GoogleTokenValidatorApplicationTests" time="0.007">
    <error message="Unable to find a @SpringBootConfiguration, you need to use @ContextConfiguration or @SpringBootTest(classes=...) with your test" type="java.lang.IllegalStateException"><![CDATA[java.lang.IllegalStateException: Unable to find a @SpringBootConfiguration, you need to use @ContextConfiguration or @SpringBootTest(classes=...) with your test
	at org.springframework.util.Assert.state(Assert.java:70)
	at org.springframework.boot.test.context.SpringBootTestContextBootstrapper.getOrFindConfigurationClasses(SpringBootTestContextBootstrapper.java:173)
	at org.springframework.boot.test.context.SpringBootTestContextBootstrapper.processMergedContextConfiguration(SpringBootTestContextBootstrapper.java:133)
	at org.springframework.test.context.support.AbstractTestContextBootstrapper.buildMergedContextConfiguration(AbstractTestContextBootstrapper.java:409)
	at org.springframework.test.context.support.AbstractTestContextBootstrapper.buildDefaultMergedContextConfiguration(AbstractTestContextBootstrapper.java:323)
	at org.springframework.test.context.support.AbstractTestContextBootstrapper.buildMergedContextConfiguration(AbstractTestContextBootstrapper.java:277)
	at org.springframework.test.context.support.AbstractTestContextBootstrapper.buildTestContext(AbstractTestContextBootstrapper.java:112)
	at org.springframework.boot.test.context.SpringBootTestContextBootstrapper.buildTestContext(SpringBootTestContextBootstrapper.java:78)
	at org.springframework.test.context.TestContextManager.<init>(TestContextManager.java:120)
	at org.springframework.test.context.TestContextManager.<init>(TestContextManager.java:105)
	at org.springframework.test.context.junit4.SpringJUnit4ClassRunner.createTestContextManager(SpringJUnit4ClassRunner.java:152)
	at org.springframework.test.context.junit4.SpringJUnit4ClassRunner.<init>(SpringJUnit4ClassRunner.java:143)
	at org.springframework.test.context.junit4.SpringRunner.<init>(SpringRunner.java:49)
	at sun.reflect.NativeConstructorAccessorImpl.newInstance0(Native Method)
	at sun.reflect.NativeConstructorAccessorImpl.newInstance(NativeConstructorAccessorImpl.java:62)
	at sun.reflect.DelegatingConstructorAccessorImpl.newInstance(DelegatingConstructorAccessorImpl.java:45)
	at java.lang.reflect.Constructor.newInstance(Constructor.java:422)
	at org.junit.internal.builders.AnnotatedBuilder.buildRunner(AnnotatedBuilder.java:104)
	at org.junit.internal.builders.AnnotatedBuilder.runnerForClass(AnnotatedBuilder.java:86)
	at org.junit.runners.model.RunnerBuilder.safeRunnerForClass(RunnerBuilder.java:59)
	at org.junit.internal.builders.AllDefaultPossibilitiesBuilder.runnerForClass(AllDefaultPossibilitiesBuilder.java:26)
	at org.junit.runners.model.RunnerBuilder.safeRunnerForClass(RunnerBuilder.java:59)
	at org.junit.internal.requests.ClassRequest.getRunner(ClassRequest.java:33)
	at org.apache.maven.surefire.junit4.JUnit4Provider.execute(JUnit4Provider.java:283)
	at org.apache.maven.surefire.junit4.JUnit4Provider.executeWithRerun(JUnit4Provider.java:173)
	at org.apache.maven.surefire.junit4.JUnit4Provider.executeTestSet(JUnit4Provider.java:153)
	at org.apache.maven.surefire.junit4.JUnit4Provider.invoke(JUnit4Provider.java:128)
	at org.apache.maven.surefire.booter.ForkedBooter.invokeProviderInSameClassLoader(ForkedBooter.java:203)
	at org.apache.maven.surefire.booter.ForkedBooter.runSuitesInProcess(ForkedBooter.java:155)
	at org.apache.maven.surefire.booter.ForkedBooter.main(ForkedBooter.java:103)
]]></error>
    <system-out><![CDATA[16:48:29.767 [main] DEBUG org.springframework.test.context.junit4.SpringJUnit4ClassRunner - SpringJUnit4ClassRunner constructor called with [class com.pointwest.googletoken.validator.GoogleTokenValidatorApplicationTests]
16:48:29.773 [main] DEBUG org.springframework.test.context.BootstrapUtils - Instantiating CacheAwareContextLoaderDelegate from class [org.springframework.test.context.cache.DefaultCacheAwareContextLoaderDelegate]
16:48:29.781 [main] DEBUG org.springframework.test.context.BootstrapUtils - Instantiating BootstrapContext using constructor [public org.springframework.test.context.support.DefaultBootstrapContext(java.lang.Class,org.springframework.test.context.CacheAwareContextLoaderDelegate)]
16:48:29.800 [main] DEBUG org.springframework.test.context.BootstrapUtils - Instantiating TestContextBootstrapper for test class [com.pointwest.googletoken.validator.GoogleTokenValidatorApplicationTests] from class [org.springframework.boot.test.context.SpringBootTestContextBootstrapper]
16:48:29.812 [main] INFO org.springframework.boot.test.context.SpringBootTestContextBootstrapper - Neither @ContextConfiguration nor @ContextHierarchy found for test class [com.pointwest.googletoken.validator.GoogleTokenValidatorApplicationTests], using SpringBootContextLoader
16:48:29.815 [main] DEBUG org.springframework.test.context.support.AbstractContextLoader - Did not detect default resource location for test class [com.pointwest.googletoken.validator.GoogleTokenValidatorApplicationTests]: class path resource [com/pointwest/googletoken/validator/GoogleTokenValidatorApplicationTests-context.xml] does not exist
16:48:29.816 [main] DEBUG org.springframework.test.context.support.AbstractContextLoader - Did not detect default resource location for test class [com.pointwest.googletoken.validator.GoogleTokenValidatorApplicationTests]: class path resource [com/pointwest/googletoken/validator/GoogleTokenValidatorApplicationTestsContext.groovy] does not exist
16:48:29.816 [main] INFO org.springframework.test.context.support.AbstractContextLoader - Could not detect default resource locations for test class [com.pointwest.googletoken.validator.GoogleTokenValidatorApplicationTests]: no resource found for suffixes {-context.xml, Context.groovy}.
16:48:29.817 [main] INFO org.springframework.test.context.support.AnnotationConfigContextLoaderUtils - Could not detect default configuration classes for test class [com.pointwest.googletoken.validator.GoogleTokenValidatorApplicationTests]: GoogleTokenValidatorApplicationTests does not declare any static, non-private, non-final, nested classes annotated with @Configuration.
16:48:29.849 [main] DEBUG org.springframework.test.context.support.ActiveProfilesUtils - Could not find an 'annotation declaring class' for annotation type [org.springframework.test.context.ActiveProfiles] and class [com.pointwest.googletoken.validator.GoogleTokenValidatorApplicationTests]
16:48:29.857 [main] DEBUG org.springframework.core.env.StandardEnvironment - Adding [systemProperties] PropertySource with lowest search precedence
16:48:29.858 [main] DEBUG org.springframework.core.env.StandardEnvironment - Adding [systemEnvironment] PropertySource with lowest search precedence
16:48:29.858 [main] DEBUG org.springframework.core.env.StandardEnvironment - Initialized StandardEnvironment with PropertySources [systemProperties,systemEnvironment]
16:48:29.867 [main] DEBUG org.springframework.core.io.support.PathMatchingResourcePatternResolver - Resolved classpath location [com/pointwest/googletoken/validator/] to resources [URL [file:/C:/Users/bryan.batanes/workspace_workforce_planner_f/pw-auth/target/test-classes/com/pointwest/googletoken/validator/]]
16:48:29.868 [main] DEBUG org.springframework.core.io.support.PathMatchingResourcePatternResolver - Looking for matching resources in directory tree [C:\Users\bryan.batanes\workspace_workforce_planner_f\pw-auth\target\test-classes\com\pointwest\googletoken\validator]
16:48:29.868 [main] DEBUG org.springframework.core.io.support.PathMatchingResourcePatternResolver - Searching directory [C:\Users\bryan.batanes\workspace_workforce_planner_f\pw-auth\target\test-classes\com\pointwest\googletoken\validator] for files matching pattern [C:/Users/bryan.batanes/workspace_workforce_planner_f/pw-auth/target/test-classes/com/pointwest/googletoken/validator/*.class]
16:48:29.871 [main] DEBUG org.springframework.core.io.support.PathMatchingResourcePatternResolver - Resolved location pattern [classpath*:com/pointwest/googletoken/validator/*.class] to resources [file [C:\Users\bryan.batanes\workspace_workforce_planner_f\pw-auth\target\test-classes\com\pointwest\googletoken\validator\GoogleTokenValidatorApplicationTests.class]]
16:48:29.885 [main] DEBUG org.springframework.core.io.support.PathMatchingResourcePatternResolver - Resolved classpath location [com/pointwest/googletoken/] to resources [URL [file:/C:/Users/bryan.batanes/workspace_workforce_planner_f/pw-auth/target/test-classes/com/pointwest/googletoken/]]
16:48:29.885 [main] DEBUG org.springframework.core.io.support.PathMatchingResourcePatternResolver - Looking for matching resources in directory tree [C:\Users\bryan.batanes\workspace_workforce_planner_f\pw-auth\target\test-classes\com\pointwest\googletoken]
16:48:29.885 [main] DEBUG org.springframework.core.io.support.PathMatchingResourcePatternResolver - Searching directory [C:\Users\bryan.batanes\workspace_workforce_planner_f\pw-auth\target\test-classes\com\pointwest\googletoken] for files matching pattern [C:/Users/bryan.batanes/workspace_workforce_planner_f/pw-auth/target/test-classes/com/pointwest/googletoken/*.class]
16:48:29.886 [main] DEBUG org.springframework.core.io.support.PathMatchingResourcePatternResolver - Resolved location pattern [classpath*:com/pointwest/googletoken/*.class] to resources []
16:48:29.886 [main] DEBUG org.springframework.core.io.support.PathMatchingResourcePatternResolver - Resolved classpath location [com/pointwest/] to resources [URL [file:/C:/Users/bryan.batanes/workspace_workforce_planner_f/pw-auth/target/test-classes/com/pointwest/], URL [file:/C:/Users/bryan.batanes/workspace_workforce_planner_f/pw-auth/target/classes/com/pointwest/]]
16:48:29.886 [main] DEBUG org.springframework.core.io.support.PathMatchingResourcePatternResolver - Looking for matching resources in directory tree [C:\Users\bryan.batanes\workspace_workforce_planner_f\pw-auth\target\test-classes\com\pointwest]
16:48:29.886 [main] DEBUG org.springframework.core.io.support.PathMatchingResourcePatternResolver - Searching directory [C:\Users\bryan.batanes\workspace_workforce_planner_f\pw-auth\target\test-classes\com\pointwest] for files matching pattern [C:/Users/bryan.batanes/workspace_workforce_planner_f/pw-auth/target/test-classes/com/pointwest/*.class]
16:48:29.887 [main] DEBUG org.springframework.core.io.support.PathMatchingResourcePatternResolver - Looking for matching resources in directory tree [C:\Users\bryan.batanes\workspace_workforce_planner_f\pw-auth\target\classes\com\pointwest]
16:48:29.887 [main] DEBUG org.springframework.core.io.support.PathMatchingResourcePatternResolver - Searching directory [C:\Users\bryan.batanes\workspace_workforce_planner_f\pw-auth\target\classes\com\pointwest] for files matching pattern [C:/Users/bryan.batanes/workspace_workforce_planner_f/pw-auth/target/classes/com/pointwest/*.class]
16:48:29.888 [main] DEBUG org.springframework.core.io.support.PathMatchingResourcePatternResolver - Resolved location pattern [classpath*:com/pointwest/*.class] to resources []
16:48:29.889 [main] DEBUG org.springframework.core.io.support.PathMatchingResourcePatternResolver - Resolved classpath location [com/] to resources [URL [file:/C:/Users/bryan.batanes/workspace_workforce_planner_f/pw-auth/target/test-classes/com/], URL [file:/C:/Users/bryan.batanes/workspace_workforce_planner_f/pw-auth/target/classes/com/], URL [jar:file:/C:/Users/bryan.batanes/.m2/repository/com/fasterxml/classmate/1.3.3/classmate-1.3.3.jar!/com/], URL [jar:file:/C:/Users/bryan.batanes/.m2/repository/com/fasterxml/jackson/core/jackson-databind/2.8.7/jackson-databind-2.8.7.jar!/com/], URL [jar:file:/C:/Users/bryan.batanes/.m2/repository/com/fasterxml/jackson/core/jackson-annotations/2.8.7/jackson-annotations-2.8.7.jar!/com/], URL [jar:file:/C:/Users/bryan.batanes/.m2/repository/com/fasterxml/jackson/core/jackson-core/2.8.7/jackson-core-2.8.7.jar!/com/], URL [jar:file:/C:/Users/bryan.batanes/.m2/repository/com/jayway/jsonpath/json-path/2.2.0/json-path-2.2.0.jar!/com/], URL [jar:file:/C:/Users/bryan.batanes/.m2/repository/mysql/mysql-connector-java/5.1.41/mysql-connector-java-5.1.41.jar!/com/], URL [jar:file:/C:/Users/bryan.batanes/.m2/repository/com/google/api-client/google-api-client/1.22.0/google-api-client-1.22.0.jar!/com/], URL [jar:file:/C:/Users/bryan.batanes/.m2/repository/com/google/oauth-client/google-oauth-client/1.22.0/google-oauth-client-1.22.0.jar!/com/], URL [jar:file:/C:/Users/bryan.batanes/.m2/repository/com/google/http-client/google-http-client-jackson2/1.22.0/google-http-client-jackson2-1.22.0.jar!/com/], URL [jar:file:/C:/Users/bryan.batanes/.m2/repository/com/google/guava/guava-jdk5/17.0/guava-jdk5-17.0.jar!/com/], URL [jar:file:/C:/Users/bryan.batanes/.m2/repository/com/google/http-client/google-http-client-gson/1.22.0/google-http-client-gson-1.22.0.jar!/com/], URL [jar:file:/C:/Users/bryan.batanes/.m2/repository/com/google/http-client/google-http-client/1.22.0/google-http-client-1.22.0.jar!/com/], URL [jar:file:/C:/Users/bryan.batanes/.m2/repository/com/google/code/gson/gson/2.7/gson-2.7.jar!/com/], URL [jar:file:/C:/Users/bryan.batanes/.m2/repository/com/google/http-client/google-http-client-jackson/1.22.0/google-http-client-jackson-1.22.0.jar!/com/], URL [jar:file:/C:/Users/bryan.batanes/.m2/repository/com/auth0/java-jwt/3.1.0/java-jwt-3.1.0.jar!/com/]]
16:48:29.889 [main] DEBUG org.springframework.core.io.support.PathMatchingResourcePatternResolver - Looking for matching resources in directory tree [C:\Users\bryan.batanes\workspace_workforce_planner_f\pw-auth\target\test-classes\com]
16:48:29.889 [main] DEBUG org.springframework.core.io.support.PathMatchingResourcePatternResolver - Searching directory [C:\Users\bryan.batanes\workspace_workforce_planner_f\pw-auth\target\test-classes\com] for files matching pattern [C:/Users/bryan.batanes/workspace_workforce_planner_f/pw-auth/target/test-classes/com/*.class]
16:48:29.890 [main] DEBUG org.springframework.core.io.support.PathMatchingResourcePatternResolver - Looking for matching resources in directory tree [C:\Users\bryan.batanes\workspace_workforce_planner_f\pw-auth\target\classes\com]
16:48:29.890 [main] DEBUG org.springframework.core.io.support.PathMatchingResourcePatternResolver - Searching directory [C:\Users\bryan.batanes\workspace_workforce_planner_f\pw-auth\target\classes\com] for files matching pattern [C:/Users/bryan.batanes/workspace_workforce_planner_f/pw-auth/target/classes/com/*.class]
16:48:29.890 [main] DEBUG org.springframework.core.io.support.PathMatchingResourcePatternResolver - Looking for matching resources in jar file [file:/C:/Users/bryan.batanes/.m2/repository/com/fasterxml/classmate/1.3.3/classmate-1.3.3.jar]
16:48:29.893 [main] DEBUG org.springframework.core.io.support.PathMatchingResourcePatternResolver - Looking for matching resources in jar file [file:/C:/Users/bryan.batanes/.m2/repository/com/fasterxml/jackson/core/jackson-databind/2.8.7/jackson-databind-2.8.7.jar]
16:48:29.902 [main] DEBUG org.springframework.core.io.support.PathMatchingResourcePatternResolver - Looking for matching resources in jar file [file:/C:/Users/bryan.batanes/.m2/repository/com/fasterxml/jackson/core/jackson-annotations/2.8.7/jackson-annotations-2.8.7.jar]
16:48:29.903 [main] DEBUG org.springframework.core.io.support.PathMatchingResourcePatternResolver - Looking for matching resources in jar file [file:/C:/Users/bryan.batanes/.m2/repository/com/fasterxml/jackson/core/jackson-core/2.8.7/jackson-core-2.8.7.jar]
16:48:29.906 [main] DEBUG org.springframework.core.io.support.PathMatchingResourcePatternResolver - Looking for matching resources in jar file [file:/C:/Users/bryan.batanes/.m2/repository/com/jayway/jsonpath/json-path/2.2.0/json-path-2.2.0.jar]
16:48:29.907 [main] DEBUG org.springframework.core.io.support.PathMatchingResourcePatternResolver - Looking for matching resources in jar file [file:/C:/Users/bryan.batanes/.m2/repository/mysql/mysql-connector-java/5.1.41/mysql-connector-java-5.1.41.jar]
16:48:29.909 [main] DEBUG org.springframework.core.io.support.PathMatchingResourcePatternResolver - Looking for matching resources in jar file [file:/C:/Users/bryan.batanes/.m2/repository/com/google/api-client/google-api-client/1.22.0/google-api-client-1.22.0.jar]
16:48:29.910 [main] DEBUG org.springframework.core.io.support.PathMatchingResourcePatternResolver - Looking for matching resources in jar file [file:/C:/Users/bryan.batanes/.m2/repository/com/google/oauth-client/google-oauth-client/1.22.0/google-oauth-client-1.22.0.jar]
16:48:29.911 [main] DEBUG org.springframework.core.io.support.PathMatchingResourcePatternResolver - Looking for matching resources in jar file [file:/C:/Users/bryan.batanes/.m2/repository/com/google/http-client/google-http-client-jackson2/1.22.0/google-http-client-jackson2-1.22.0.jar]
16:48:29.911 [main] DEBUG org.springframework.core.io.support.PathMatchingResourcePatternResolver - Looking for matching resources in jar file [file:/C:/Users/bryan.batanes/.m2/repository/com/google/guava/guava-jdk5/17.0/guava-jdk5-17.0.jar]
16:48:29.918 [main] DEBUG org.springframework.core.io.support.PathMatchingResourcePatternResolver - Looking for matching resources in jar file [file:/C:/Users/bryan.batanes/.m2/repository/com/google/http-client/google-http-client-gson/1.22.0/google-http-client-gson-1.22.0.jar]
16:48:29.918 [main] DEBUG org.springframework.core.io.support.PathMatchingResourcePatternResolver - Looking for matching resources in jar file [file:/C:/Users/bryan.batanes/.m2/repository/com/google/http-client/google-http-client/1.22.0/google-http-client-1.22.0.jar]
16:48:29.920 [main] DEBUG org.springframework.core.io.support.PathMatchingResourcePatternResolver - Looking for matching resources in jar file [file:/C:/Users/bryan.batanes/.m2/repository/com/google/code/gson/gson/2.7/gson-2.7.jar]
16:48:29.921 [main] DEBUG org.springframework.core.io.support.PathMatchingResourcePatternResolver - Looking for matching resources in jar file [file:/C:/Users/bryan.batanes/.m2/repository/com/google/http-client/google-http-client-jackson/1.22.0/google-http-client-jackson-1.22.0.jar]
16:48:29.921 [main] DEBUG org.springframework.core.io.support.PathMatchingResourcePatternResolver - Looking for matching resources in jar file [file:/C:/Users/bryan.batanes/.m2/repository/com/auth0/java-jwt/3.1.0/java-jwt-3.1.0.jar]
16:48:29.922 [main] DEBUG org.springframework.core.io.support.PathMatchingResourcePatternResolver - Resolved location pattern [classpath*:com/*.class] to resources []
16:48:29.926 [main] DEBUG org.springframework.test.context.junit4.SpringJUnit4ClassRunner - SpringJUnit4ClassRunner constructor called with [class com.pointwest.googletoken.validator.GoogleTokenValidatorApplicationTests]
16:48:29.926 [main] DEBUG org.springframework.test.context.BootstrapUtils - Instantiating CacheAwareContextLoaderDelegate from class [org.springframework.test.context.cache.DefaultCacheAwareContextLoaderDelegate]
16:48:29.926 [main] DEBUG org.springframework.test.context.BootstrapUtils - Instantiating BootstrapContext using constructor [public org.springframework.test.context.support.DefaultBootstrapContext(java.lang.Class,org.springframework.test.context.CacheAwareContextLoaderDelegate)]
16:48:29.927 [main] DEBUG org.springframework.test.context.BootstrapUtils - Instantiating TestContextBootstrapper for test class [com.pointwest.googletoken.validator.GoogleTokenValidatorApplicationTests] from class [org.springframework.boot.test.context.SpringBootTestContextBootstrapper]
16:48:29.927 [main] INFO org.springframework.boot.test.context.SpringBootTestContextBootstrapper - Neither @ContextConfiguration nor @ContextHierarchy found for test class [com.pointwest.googletoken.validator.GoogleTokenValidatorApplicationTests], using SpringBootContextLoader
16:48:29.928 [main] DEBUG org.springframework.test.context.support.AbstractContextLoader - Did not detect default resource location for test class [com.pointwest.googletoken.validator.GoogleTokenValidatorApplicationTests]: class path resource [com/pointwest/googletoken/validator/GoogleTokenValidatorApplicationTests-context.xml] does not exist
16:48:29.928 [main] DEBUG org.springframework.test.context.support.AbstractContextLoader - Did not detect default resource location for test class [com.pointwest.googletoken.validator.GoogleTokenValidatorApplicationTests]: class path resource [com/pointwest/googletoken/validator/GoogleTokenValidatorApplicationTestsContext.groovy] does not exist
16:48:29.929 [main] INFO org.springframework.test.context.support.AbstractContextLoader - Could not detect default resource locations for test class [com.pointwest.googletoken.validator.GoogleTokenValidatorApplicationTests]: no resource found for suffixes {-context.xml, Context.groovy}.
16:48:29.929 [main] INFO org.springframework.test.context.support.AnnotationConfigContextLoaderUtils - Could not detect default configuration classes for test class [com.pointwest.googletoken.validator.GoogleTokenValidatorApplicationTests]: GoogleTokenValidatorApplicationTests does not declare any static, non-private, non-final, nested classes annotated with @Configuration.
16:48:29.933 [main] DEBUG org.springframework.test.context.support.ActiveProfilesUtils - Could not find an 'annotation declaring class' for annotation type [org.springframework.test.context.ActiveProfiles] and class [com.pointwest.googletoken.validator.GoogleTokenValidatorApplicationTests]
16:48:29.934 [main] DEBUG org.springframework.core.env.StandardEnvironment - Adding [systemProperties] PropertySource with lowest search precedence
16:48:29.934 [main] DEBUG org.springframework.core.env.StandardEnvironment - Adding [systemEnvironment] PropertySource with lowest search precedence
16:48:29.934 [main] DEBUG org.springframework.core.env.StandardEnvironment - Initialized StandardEnvironment with PropertySources [systemProperties,systemEnvironment]
16:48:29.935 [main] DEBUG org.springframework.core.io.support.PathMatchingResourcePatternResolver - Resolved classpath location [com/pointwest/googletoken/validator/] to resources [URL [file:/C:/Users/bryan.batanes/workspace_workforce_planner_f/pw-auth/target/test-classes/com/pointwest/googletoken/validator/]]
16:48:29.935 [main] DEBUG org.springframework.core.io.support.PathMatchingResourcePatternResolver - Looking for matching resources in directory tree [C:\Users\bryan.batanes\workspace_workforce_planner_f\pw-auth\target\test-classes\com\pointwest\googletoken\validator]
16:48:29.935 [main] DEBUG org.springframework.core.io.support.PathMatchingResourcePatternResolver - Searching directory [C:\Users\bryan.batanes\workspace_workforce_planner_f\pw-auth\target\test-classes\com\pointwest\googletoken\validator] for files matching pattern [C:/Users/bryan.batanes/workspace_workforce_planner_f/pw-auth/target/test-classes/com/pointwest/googletoken/validator/*.class]
16:48:29.936 [main] DEBUG org.springframework.core.io.support.PathMatchingResourcePatternResolver - Resolved location pattern [classpath*:com/pointwest/googletoken/validator/*.class] to resources [file [C:\Users\bryan.batanes\workspace_workforce_planner_f\pw-auth\target\test-classes\com\pointwest\googletoken\validator\GoogleTokenValidatorApplicationTests.class]]
16:48:29.937 [main] DEBUG org.springframework.core.io.support.PathMatchingResourcePatternResolver - Resolved classpath location [com/pointwest/googletoken/] to resources [URL [file:/C:/Users/bryan.batanes/workspace_workforce_planner_f/pw-auth/target/test-classes/com/pointwest/googletoken/]]
16:48:29.937 [main] DEBUG org.springframework.core.io.support.PathMatchingResourcePatternResolver - Looking for matching resources in directory tree [C:\Users\bryan.batanes\workspace_workforce_planner_f\pw-auth\target\test-classes\com\pointwest\googletoken]
16:48:29.938 [main] DEBUG org.springframework.core.io.support.PathMatchingResourcePatternResolver - Searching directory [C:\Users\bryan.batanes\workspace_workforce_planner_f\pw-auth\target\test-classes\com\pointwest\googletoken] for files matching pattern [C:/Users/bryan.batanes/workspace_workforce_planner_f/pw-auth/target/test-classes/com/pointwest/googletoken/*.class]
16:48:29.938 [main] DEBUG org.springframework.core.io.support.PathMatchingResourcePatternResolver - Resolved location pattern [classpath*:com/pointwest/googletoken/*.class] to resources []
16:48:29.939 [main] DEBUG org.springframework.core.io.support.PathMatchingResourcePatternResolver - Resolved classpath location [com/pointwest/] to resources [URL [file:/C:/Users/bryan.batanes/workspace_workforce_planner_f/pw-auth/target/test-classes/com/pointwest/], URL [file:/C:/Users/bryan.batanes/workspace_workforce_planner_f/pw-auth/target/classes/com/pointwest/]]
16:48:29.939 [main] DEBUG org.springframework.core.io.support.PathMatchingResourcePatternResolver - Looking for matching resources in directory tree [C:\Users\bryan.batanes\workspace_workforce_planner_f\pw-auth\target\test-classes\com\pointwest]
16:48:29.939 [main] DEBUG org.springframework.core.io.support.PathMatchingResourcePatternResolver - Searching directory [C:\Users\bryan.batanes\workspace_workforce_planner_f\pw-auth\target\test-classes\com\pointwest] for files matching pattern [C:/Users/bryan.batanes/workspace_workforce_planner_f/pw-auth/target/test-classes/com/pointwest/*.class]
16:48:29.939 [main] DEBUG org.springframework.core.io.support.PathMatchingResourcePatternResolver - Looking for matching resources in directory tree [C:\Users\bryan.batanes\workspace_workforce_planner_f\pw-auth\target\classes\com\pointwest]
16:48:29.939 [main] DEBUG org.springframework.core.io.support.PathMatchingResourcePatternResolver - Searching directory [C:\Users\bryan.batanes\workspace_workforce_planner_f\pw-auth\target\classes\com\pointwest] for files matching pattern [C:/Users/bryan.batanes/workspace_workforce_planner_f/pw-auth/target/classes/com/pointwest/*.class]
16:48:29.940 [main] DEBUG org.springframework.core.io.support.PathMatchingResourcePatternResolver - Resolved location pattern [classpath*:com/pointwest/*.class] to resources []
16:48:29.941 [main] DEBUG org.springframework.core.io.support.PathMatchingResourcePatternResolver - Resolved classpath location [com/] to resources [URL [file:/C:/Users/bryan.batanes/workspace_workforce_planner_f/pw-auth/target/test-classes/com/], URL [file:/C:/Users/bryan.batanes/workspace_workforce_planner_f/pw-auth/target/classes/com/], URL [jar:file:/C:/Users/bryan.batanes/.m2/repository/com/fasterxml/classmate/1.3.3/classmate-1.3.3.jar!/com/], URL [jar:file:/C:/Users/bryan.batanes/.m2/repository/com/fasterxml/jackson/core/jackson-databind/2.8.7/jackson-databind-2.8.7.jar!/com/], URL [jar:file:/C:/Users/bryan.batanes/.m2/repository/com/fasterxml/jackson/core/jackson-annotations/2.8.7/jackson-annotations-2.8.7.jar!/com/], URL [jar:file:/C:/Users/bryan.batanes/.m2/repository/com/fasterxml/jackson/core/jackson-core/2.8.7/jackson-core-2.8.7.jar!/com/], URL [jar:file:/C:/Users/bryan.batanes/.m2/repository/com/jayway/jsonpath/json-path/2.2.0/json-path-2.2.0.jar!/com/], URL [jar:file:/C:/Users/bryan.batanes/.m2/repository/mysql/mysql-connector-java/5.1.41/mysql-connector-java-5.1.41.jar!/com/], URL [jar:file:/C:/Users/bryan.batanes/.m2/repository/com/google/api-client/google-api-client/1.22.0/google-api-client-1.22.0.jar!/com/], URL [jar:file:/C:/Users/bryan.batanes/.m2/repository/com/google/oauth-client/google-oauth-client/1.22.0/google-oauth-client-1.22.0.jar!/com/], URL [jar:file:/C:/Users/bryan.batanes/.m2/repository/com/google/http-client/google-http-client-jackson2/1.22.0/google-http-client-jackson2-1.22.0.jar!/com/], URL [jar:file:/C:/Users/bryan.batanes/.m2/repository/com/google/guava/guava-jdk5/17.0/guava-jdk5-17.0.jar!/com/], URL [jar:file:/C:/Users/bryan.batanes/.m2/repository/com/google/http-client/google-http-client-gson/1.22.0/google-http-client-gson-1.22.0.jar!/com/], URL [jar:file:/C:/Users/bryan.batanes/.m2/repository/com/google/http-client/google-http-client/1.22.0/google-http-client-1.22.0.jar!/com/], URL [jar:file:/C:/Users/bryan.batanes/.m2/repository/com/google/code/gson/gson/2.7/gson-2.7.jar!/com/], URL [jar:file:/C:/Users/bryan.batanes/.m2/repository/com/google/http-client/google-http-client-jackson/1.22.0/google-http-client-jackson-1.22.0.jar!/com/], URL [jar:file:/C:/Users/bryan.batanes/.m2/repository/com/auth0/java-jwt/3.1.0/java-jwt-3.1.0.jar!/com/]]
16:48:29.945 [main] DEBUG org.springframework.core.io.support.PathMatchingResourcePatternResolver - Looking for matching resources in directory tree [C:\Users\bryan.batanes\workspace_workforce_planner_f\pw-auth\target\test-classes\com]
16:48:29.945 [main] DEBUG org.springframework.core.io.support.PathMatchingResourcePatternResolver - Searching directory [C:\Users\bryan.batanes\workspace_workforce_planner_f\pw-auth\target\test-classes\com] for files matching pattern [C:/Users/bryan.batanes/workspace_workforce_planner_f/pw-auth/target/test-classes/com/*.class]
16:48:29.946 [main] DEBUG org.springframework.core.io.support.PathMatchingResourcePatternResolver - Looking for matching resources in directory tree [C:\Users\bryan.batanes\workspace_workforce_planner_f\pw-auth\target\classes\com]
16:48:29.946 [main] DEBUG org.springframework.core.io.support.PathMatchingResourcePatternResolver - Searching directory [C:\Users\bryan.batanes\workspace_workforce_planner_f\pw-auth\target\classes\com] for files matching pattern [C:/Users/bryan.batanes/workspace_workforce_planner_f/pw-auth/target/classes/com/*.class]
16:48:29.947 [main] DEBUG org.springframework.core.io.support.PathMatchingResourcePatternResolver - Looking for matching resources in jar file [file:/C:/Users/bryan.batanes/.m2/repository/com/fasterxml/classmate/1.3.3/classmate-1.3.3.jar]
16:48:29.947 [main] DEBUG org.springframework.core.io.support.PathMatchingResourcePatternResolver - Looking for matching resources in jar file [file:/C:/Users/bryan.batanes/.m2/repository/com/fasterxml/jackson/core/jackson-databind/2.8.7/jackson-databind-2.8.7.jar]
16:48:29.951 [main] DEBUG org.springframework.core.io.support.PathMatchingResourcePatternResolver - Looking for matching resources in jar file [file:/C:/Users/bryan.batanes/.m2/repository/com/fasterxml/jackson/core/jackson-annotations/2.8.7/jackson-annotations-2.8.7.jar]
16:48:29.952 [main] DEBUG org.springframework.core.io.support.PathMatchingResourcePatternResolver - Looking for matching resources in jar file [file:/C:/Users/bryan.batanes/.m2/repository/com/fasterxml/jackson/core/jackson-core/2.8.7/jackson-core-2.8.7.jar]
16:48:29.953 [main] DEBUG org.springframework.core.io.support.PathMatchingResourcePatternResolver - Looking for matching resources in jar file [file:/C:/Users/bryan.batanes/.m2/repository/com/jayway/jsonpath/json-path/2.2.0/json-path-2.2.0.jar]
16:48:29.954 [main] DEBUG org.springframework.core.io.support.PathMatchingResourcePatternResolver - Looking for matching resources in jar file [file:/C:/Users/bryan.batanes/.m2/repository/mysql/mysql-connector-java/5.1.41/mysql-connector-java-5.1.41.jar]
16:48:29.956 [main] DEBUG org.springframework.core.io.support.PathMatchingResourcePatternResolver - Looking for matching resources in jar file [file:/C:/Users/bryan.batanes/.m2/repository/com/google/api-client/google-api-client/1.22.0/google-api-client-1.22.0.jar]
16:48:29.957 [main] DEBUG org.springframework.core.io.support.PathMatchingResourcePatternResolver - Looking for matching resources in jar file [file:/C:/Users/bryan.batanes/.m2/repository/com/google/oauth-client/google-oauth-client/1.22.0/google-oauth-client-1.22.0.jar]
16:48:29.957 [main] DEBUG org.springframework.core.io.support.PathMatchingResourcePatternResolver - Looking for matching resources in jar file [file:/C:/Users/bryan.batanes/.m2/repository/com/google/http-client/google-http-client-jackson2/1.22.0/google-http-client-jackson2-1.22.0.jar]
16:48:29.957 [main] DEBUG org.springframework.core.io.support.PathMatchingResourcePatternResolver - Looking for matching resources in jar file [file:/C:/Users/bryan.batanes/.m2/repository/com/google/guava/guava-jdk5/17.0/guava-jdk5-17.0.jar]
16:48:29.966 [main] DEBUG org.springframework.core.io.support.PathMatchingResourcePatternResolver - Looking for matching resources in jar file [file:/C:/Users/bryan.batanes/.m2/repository/com/google/http-client/google-http-client-gson/1.22.0/google-http-client-gson-1.22.0.jar]
16:48:29.967 [main] DEBUG org.springframework.core.io.support.PathMatchingResourcePatternResolver - Looking for matching resources in jar file [file:/C:/Users/bryan.batanes/.m2/repository/com/google/http-client/google-http-client/1.22.0/google-http-client-1.22.0.jar]
16:48:29.969 [main] DEBUG org.springframework.core.io.support.PathMatchingResourcePatternResolver - Looking for matching resources in jar file [file:/C:/Users/bryan.batanes/.m2/repository/com/google/code/gson/gson/2.7/gson-2.7.jar]
16:48:29.970 [main] DEBUG org.springframework.core.io.support.PathMatchingResourcePatternResolver - Looking for matching resources in jar file [file:/C:/Users/bryan.batanes/.m2/repository/com/google/http-client/google-http-client-jackson/1.22.0/google-http-client-jackson-1.22.0.jar]
16:48:29.970 [main] DEBUG org.springframework.core.io.support.PathMatchingResourcePatternResolver - Looking for matching resources in jar file [file:/C:/Users/bryan.batanes/.m2/repository/com/auth0/java-jwt/3.1.0/java-jwt-3.1.0.jar]
16:48:29.971 [main] DEBUG org.springframework.core.io.support.PathMatchingResourcePatternResolver - Resolved location pattern [classpath*:com/*.class] to resources []
]]></system-out>
  </testcase>
</testsuite>